1.42188 
-0.03125 
-2.76563 
-1.375 
-2.01563 
-0.421875 
2.26563 
0.171875 
2.70313 
3.10938 
-1.95313 
3.75 
-2.10938 
-0.34375 
-2.85938 
-3.14063 
-2.42188 
3.82813 
-2.92188 
3.82813 
-2.82813 
3.82813 
3.82813 
0.3125 
3.4375 
-1.21875 
-1.5625 
-2.75 
3.82813 
-1.28125 
3.71875 
3.82813 
0.15625 
3.15625 
-2.65625 
-1.875 
-0.421875 
-3.03125 
1.46875 
-0.03125 
-2.60938 
1.73438 
0.75 
-1 
3.75 
3.82813 
0.296875 
-1.5 
-1.76563 
-0.421875 
3.79688 
-0.9375 
-1.78125 
0.09375 
1.73438 
3.82813 
3.79688 
-0.09375 
-3.03125 
3.73438 
-1.64063 
3.79688 
-2.96875 
-2.32813 
3.82813 
2.45313 
3.79688 
-1.0625 
3.21875 
-1.95313 
3.79688 
3.79688 
-0.09375 
-2.40625 
-1.39063 
3.82813 
1.46875 
-0.078125 
-2.48438 
-2.625 
3.79688 
3.75 
-1.95313 
3.51563 
-1.85938 
-1.45313 
3.82813 
2.29688 
-0.890625 
-2.65625 
2.92188 
3.82813 
3.82813 
3.82813 
3.67188 
-1.60938 
-2.51563 
3.82813 
3.82813 
0.15625 
-1.85938 
-2.98438 
3.75 
3.82813 
-2.75 
-2.82813 
3.82813 
-0.53125 
3.75 
3.84375 
-1.45313 
-2.25 
-2 
0.8125 
2.6875 
3.82813 
-1.54688 
-2.84375 
0.203125 
-2.10938 
-3.03125 
-0.65625 
-0.734375 
3.82813 
-1.3125 
-3.07813 
3.82813 
-2.625 
-2.53125 
3.82813 
-0.59375 
3.82813 
3.82813 
2.78125 
3.82813 
3.79688 
-0.46875 
-1.03125 
3.82813 
2.85938 
-1.89063 
3.75 
3.82813 
0.1875 
-0.921875 
-1.10938 
-1.70313 
3.79688 
3.39063 
-0.34375 
-1.14063 
3.4375 
-2.375 
3.82813 
3.82813 
-2.96875 
3.53125 
3.82813 
-2.375 
3.82813 
3.54688 
3.82813 
-3.03125 
2.29688 
3.82813 
-1.20313 
0.90625 
3.75 
-0.125 
-1.85938 
3.82813 
0.59375 
-2.6875 
-0.34375 
3.82813 
0.765625 
3.82813 
0.234375 
-3.14063 
3.54688 
3.42188 
-1.82813 
-0.890625 
-2.25 
3.82813 
-2.8125 
3.82813 
-0.890625 
-1.85938 
2.23438 
-0.765625 
0.453125 
3.40625 
2.98438 
3.82813 
3.53125 
3.79688 
-1.09375 
-0.296875 
3.82813 
3.82813 
-1.89063 
3.75 
0.953125 
3.54688 
3.82813 
-2.01563 
-0.1875 
-0.359375 
3.82813 
3.79688 
-2.0625 
0.03125 
-3.03125 
3.82813 
0.109375 
3.82813 
3.53125 
-2.79688 
0.71875 
-0.71875 
3.82813 
3.34375 
3.82813 
-1.07813 
3.82813 
3.82813 
3.82813 
3.82813 
3.39063 
3.20313 
3.14063 
3.82813 
3.82813 
-2.5625 
-0.03125 
-2.51563 
3.82813 
3.85938 
3.79688 
-1.67188 
3.03125 
-1.95313 
3.625 
3.67188 
3.82813 
-0.09375 
-2.51563 
3.82813 
3.45313 
3.79688 
-2.53125 
-1.625 
-0.84375 
-0.109375 
-1.73438 
3.79688 
0.5 
-1.57813 
-0.203125 
3.82813 
3.82813 
-1.82813 
3.82813 
3.82813 
3.79688 
3.75 
3.82813 
-2.98438 
3.79688 
1.98438 
-3.07813 
3.79688 
3.26563 
-0.34375 
3.4375 
3.39063 
-2.3125 
3.82813 
-1.40625 
3.82813 
0.75 
3.82813 
-3.03125 
3.82813 
-2.5625 
3.79688 
3.82813 
3.82813 
-2.09375 
-3.07813 
3.82813 
-1.67188 
-0.234375 
-2.35938 
1.53125 
-1.23438 
3.75 
3.26563 
0.515625 
0.703125 
-3.03125 
3.82813 
-2.57813 
2.09375 
0.078125 
3.79688 
3.79688 
3.82813 
-0.171875 
3.79688 
3.40625 
-2.20313 
1.25 
3.82813 
3.82813 
-3 
3.29688 
-2.10938 
0.3125 
3.82813 
-3.04688 
3.75 
3.82813 
-1.96875 
1.26563 
-2.46875 
-2.92188 
-3 
3.53125 
-1.32813 
3.82813 
3.82813 
3.82813 
-2.98438 
3.82813 
-2.46875 
0.8125 
-2.98438 
3.82813 
-1.73438 
-3.07813 
3.39063 
-2.20313 
0.65625 
3.82813 
-2.0625 
3.82813 
-1.45313 
3.82813 
2.04688 
3.82813 
1.46875 
3.82813 
-0.796875 
-0.90625 
-1.64063 
-2.78125 
3.82813 
3.82813 
-1.4375 
-1.10938 
1.96875 
-2.51563 
3.82813 
1.125 
-0.28125 
0.75 
-3.15625 
-1.5 
-1.89063 
-0.703125 
-1.79688 
-0.71875 
-3.3125 
-3 
3.82813 
-2.92188 
3.79688 
3.82813 
1.29688 
-1.92188 
3.82813 
-1.0625 
-0.140625 
-1.59375 
3.82813 
-3.01563 
1 
-1.125 
3.82813 
3.48438 
-0.359375 
2.09375 
-2.92188 
-1.57813 
3.82813 
-0.03125 
3.82813 
-0.9375 
3.84375 
3.82813 
-2.07813 
3.40625 
0.125 
-1.5 
1.3125 
3.82813 
3.26563 
0.75 
3.82813 
-2.10938 
-3 
-2.46875 
-1.73438 
-2 
-2.96875 
3.82813 
-0.78125 
2.8125 
3.39063 
3.82813 
-2.29688 
3.21875 
0.4375 
3.82813 
3.82813 
3.29688 
0.5625 
3.82813 
-2.84375 
3.79688 
-0.53125 
-0.921875 
3.54688 
3.82813 
3.57813 
-2.40625 
3.82813 
-1.51563 
3.82813 
-2.92188 
1.85938 
3.82813 
-0.890625 
0.4375 
3.82813 
3.82813 
-1.4375 
-1.85938 
2.875 
1.73438 
3.82813 
3.82813 
3.82813 
-0.953125 
-1.07813 
0.765625 
3.82813 
2.92188 
-1 
-0.375 
3.82813 
1.625 
-0.5 
-2.125 
3.82813 
-2.71875 
-2.5625 
-2.40625 
3.07813 
-2.96875 
3.82813 
1.0625 
-2.5625 
-2.67188 
3.85938 
3.82813 
3.14063 
3.79688 
3.79688 
-1.51563 
3.82813 
3.29688 
-0.53125 
-0.109375 
3.82813 
-0.171875 
-2.10938 
3.82813 
3.79688 
3.82813 
2.64063 
-0.78125 
-1.04688 
-1.34375 
-0.828125 
1.10938 
3.82813 
3.79688 
-1.875 
3.79688 
3.48438 
3.71875 
-1.09375 
3.82813 
0.46875 
3.82813 
-1.67188 
3.82813 
3.79688 
3.82813 
-1.39063 
3.82813 
3.79688 
3.82813 
-2.96875 
3.82813 
0.609375 
3.82813 
-1.8125 
1.67188 
-1.67188 
3.82813 
1.73438 
3.82813 
3.82813 
-1.5625 
3.29688 
-2.78125 
-2.57813 
3.82813 
3.82813 
3.82813 
3.53125 
3.82813 
-1.75 
-1.96875 
3.79688 
3.5 
-2.60938 
0.8125 
3.82813 
3.82813 
-2.35938 
3.82813 
-2.625 
-2.85938 
-0.53125 
1.39063 
3.79688 
3.82813 
-2.51563 
-2.53125 
3.82813 
3.625 
3.82813 
3.82813 
3.79688 
3.82813 
3.82813 
-1.01563 
-2.6875 
-0.640625 
3.45313 
3.82813 
3.82813 
2.59375 
-1.73438 
-1.21875 
-2.64063 
2.78125 
3.82813 
1.17188 
3.82813 
-0.265625 
-1.625 
-1.42188 
-0.03125 
3.79688 
0.640625 
-2.5 
3.82813 
3.82813 
-0.1875 
3.71875 
1.90625 
-1.79688 
-0.484375 
3.82813 
-3.03125 
-2.92188 
-1.8125 
1.07813 
3.79688 
3.48438 
3.29688 
3.79688 
-1.625 
1.04688 
3.82813 
-1.48438 
3.82813 
3.23438 
3.82813 
-2.98438 
0.03125 
3.82813 
-1.54688 
3.82813 
3.82813 
3.79688 
-3.03125 
3.79688 
-1.85938 
1.625 
-2.84375 
3.82813 
3.82813 
-1.21875 
-1.71875 
3.82813 
2.03125 
3.03125 
3.82813 
3.82813 
3.07813 
3.82813 
2.85938 
3.82813 
3.79688 
3.82813 
3.82813 
-1.40625 
-2.64063 
3.82813 
3.79688 
-2.45313 
-0.390625 
3.82813 
3.82813 
-2.14063 
-2.42188 
2.85938 
3.82813 
-1.73438 
-0.140625 
3.82813 
3.75 
-2.03125 
-0.171875 
-1.45313 
-1.09375 
-2.96875 
-1.04688 
-2.40625 
-0.359375 
-1.79688 
2.64063 
3.82813 
-1.1875 
3.82813 
3.875 
3.82813 
3.82813 
3.82813 
3.82813 
-1.32813 
3.82813 
-2.71875 
-1.01563 
-2.54688 
3.82813 
-0.40625 
3.21875 
1.875 
0.8125 
3.82813 
-0.484375 
-2.21875 
3.03125 
-0.875 
3.51563 
3.20313 
-0.765625 
3.625 
-2.84375 
-2.67188 
3.79688 
3.82813 
-2.14063 
0.625 
0.078125 
2.92188 
-2.32813 
-1.6875 
3.82813 
3.82813 
3.82813 
-1.89063 
3.79688 
3.82813 
3.82813 
-2.82813 
3.82813 
3.82813 
3.25 
-1.26563 
3.15625 
3.82813 
3.82813 
3.21875 
3.82813 
-2.23438 
-1.1875 
-1.67188 
-2.85938 
3.82813 
-2.21875 
3.79688 
-0.96875 
0.03125 
-1.23438 
-0.484375 
-2.3125 
-0.609375 
-2.875 
1.29688 
-1.625 
3.82813 
-0.953125 
3.82813 
3.82813 
3.82813 
3.84375 
3.82813 
-1.375 
0.125 
3.82813 
-2.82813 
3.82813 
3.82813 
-1.95313 
-2.96875 
3.82813 
3.625 
3.82813 
-1.29688 
1.17188 
3.82813 
-0.4375 
3.82813 
3.21875 
1.59375 
-3.03125 
-1.0625 
1 
-2.96875 
3.79688 
3.82813 
-0.765625 
-2.5 
-1.8125 
-2.92188 
-2.0625 
-1.09375 
-2.89063 
0.296875 
-1.64063 
-3.07813 
3.82813 
3.53125 
-2.40625 
3.25 
-1.8125 
0.09375 
3.82813 
-2.98438 
2.89063 
1.60938 
3.79688 
3.82813 
1.42188 
3.625 
-1.64063 
3.75 
3.82813 
-2.78125 
-2.875 
-2.90625 
3.875 
3.5 
3.79688 
-0.484375 
-2.15625 
0.046875 
1.17188 
3.82813 
2.45313 
3.82813 
-1.28125 
3.82813 
-2.875 
3.4375 
-2.07813 
3.09375 
2.35938 
-0.65625 
2.1875 
-2.6875 
-2.14063 
0.8125 
-1.70313 
-2.89063 
3.82813 
3.82813 
-0.671875 
-2.92188 
0.875 
-0.859375 
-1.45313 
-2.85938 
3.82813 
3.82813 
3.82813 
3.4375 
3.82813 
3.82813 
-0.84375 
-1.65625 
3.79688 
0.609375 
0.3125 
-2.79688 
1.46875 
-1 
-1.3125 
3.03125 
-2.4375 
0.59375 
3.875 
-1.39063 
3.82813 
-2.48438 
3.82813 
-1.125 
0.171875 
-2.09375 
-1.5625 
-0.140625 
3.79688 
3.71875 
3.82813 
-2.59375 
3.82813 
3.79688 
-1.73438 
-1.03125 
-2.625 
-1.625 
3.79688 
3.82813 
-2.5625 
-1.90625 
3.375 
3.48438 
3.79688 
0.484375 
3.82813 
3.75 
3.39063 
2.04688 
0.125 
3.79688 
3.57813 
3.79688 
1.85938 
-1.71875 
3.82813 
3.82813 
3.79688 
-2.65625 
0.03125 
-2.53125 
-1.15625 
3.82813 
2.98438 
3.40625 
0.140625 
-0.609375 
3.82813 
-0.484375 
-2.6875 
-1.54688 
3.79688 
3.78125 
3.79688 
-1.45313 
-1.64063 
3.23438 
-2.35938 
3.82813 
2.23438 
3.82813 
-2 
3.82813 
3.82813 
-0.8125 
3.75 
3.82813 
-1.4375 
3.82813 
-2.96875 
-2.78125 
3.82813 
3.20313 
0.09375 
-2.20313 
3.82813 
3.29688 
2.8125 
3.82813 
-1.84375 
1.90625 
-2.28125 
3.82813 
-2.625 
-2.5625 
3.82813 
3.82813 
-1.15625 
3.82813 
3.82813 
-2.8125 
3.25 
3.82813 
3.82813 
-3.03125 
-1.67188 
-1.5 
-2.25 
3.82813 
-0.359375 
3.82813 
-1.20313 
-2.03125 
-1.14063 
3.82813 
1.01563 
3.79688 
-3.03125 
3.82813 
3.21875 
-2.79688 
3.82813 
3.82813 
-3.03125 
3.82813 
-1.82813 
3.82813 
0.265625 
-1.125 
3.82813 
-0.53125 
-2.21875 
-1.95313 
-2.10938 
1.40625 
-0.375 
3.82813 
3.82813 
3.82813 
-0.390625 
-3 
0.21875 
-2.07813 
3.21875 
-3.07813 
3.82813 
-1.73438 
2.64063 
3.82813 
2.625 
-0.703125 
0.109375 
3.48438 
-1.09375 
-2.65625 
3.82813 
-1.15625 
3.82813 
-2.46875 
-3.09375 
0.75 
-0.28125 
-0.140625 
0.140625 
-2.3125 
3.3125 
3.79688 
3.79688 
3.79688 
3.85938 
3.4375 
3.20313 
3.82813 
-2.35938 
2.92188 
3.82813 
3.82813 
0.21875 
3.82813 
-2.96875 
3.82813 
3.23438 
3.82813 
-0.28125 
-1.20313 
3.82813 
3.82813 
-1.10938 
-2.28125 
-0.6875 
3.82813 
-1.20313 
-1.20313 
0.046875 
-2.57813 
-1.0625 
1.85938 
-0.375 
3.82813 
3.82813 
-0.6875 
-1.85938 
3.39063 
-2.53125 
3.23438 
-1.60938 
3.82813 
3.48438 
3.39063 
3.79688 
3.39063 
-3.14063 
3.79688 
3.82813 
-3.03125 
3.82813 
3.39063 
3.82813 
0.296875 
3.82813 
3.82813 
-3.03125 
3.82813 
-1.15625 
-2.23438 
-1.35938 
-2.875 
3.82813 
3.82813 
-1.48438 
3.79688 
-1.04688 
-0.265625 
-0.359375 
-1.39063 
0.46875 
-2.28125 
-2.98438 
3.79688 
0.546875 
-1.1875 
3.82813 
-1.9375 
3.82813 
3.79688 
-1.73438 
3.29688 
3.82813 
-0.96875 
3.82813 
3.82813 
3.82813 
3.4375 
3.82813 
2.73438 
3.875 
1.73438 
3.82813 
-0.90625 
-1 
3.3125 
-2.51563 
-2.6875 
-2.21875 
3.82813 
3.82813 
3.79688 
-1.78125 
-2.26563 
3.82813 
-1.70313 
-1.125 
-0.234375 
3.82813 
-1.25 
0.078125 
0.578125 
3.82813 
0.875 
3.01563 
3.82813 
-0.078125 
3.79688 
-2.625 
-2.09375 
-0.65625 
-0.859375 
3.82813 
3.82813 
3.29688 
-2.625 
-0.15625 
0.5 
3.82813 
0.515625 
-2.9375 
-0.03125 
3.79688 
0.359375 
3.82813 
3.82813 
-0.21875 
3.82813 
2.92188 
3.82813 
3.82813 
-2.48438 
-2.54688 
3.75 
0.234375 
-2.09375 
-2.95313 
2.29688 
3.82813 
3.82813 
-1 
-2.75 
-1.1875 
3.54688 
3.82813 
3.82813 
3.79688 
3.82813 
3.82813 
3.82813 
3.79688 
-2.07813 
-1.29688 
-1.46875 
-0.921875 
3.14063 
-2.35938 
-2.35938 
-2.625 
2.9375 
-0.265625 
2.8125 
-2.53125 
-2.53125 
-2.5 
-2.01563 
3.82813 
-2.64063 
3.82813 
-2.21875 
3.82813 
-2.625 
-2.26563 
-1.21875 
-1.28125 
3.82813 
-2.9375 
3.82813 
-3 
-0.140625 
3.82813 
-2.46875 
-0.421875 
-0.453125 
0.53125 
-1.15625 
3.82813 
-2.98438 
-2.5 
3.39063 
-2.95313 
-1.01563 
3.82813 
-1.0625 
3.82813 
3.82813 
-0.28125 
3.84375 
-0.921875 
-0.65625 
-2.625 
3.125 
-2.26563 
-2.98438 
-1.26563 
3.82813 
0.34375 
3.85938 
-2.67188 
3.82813 
3.20313 
3.82813 
-2.46875 
3.29688 
-1.82813 
2.8125 
-1.60938 
-1.39063 
-1.39063 
-0.171875 
-1.90625 
0.046875 
-1.04688 
-1.67188 
-2.625 
3.79688 
3.82813 
3.82813 
-2.09375 
-0.734375 
-2.35938 
1.23438 
-1.28125 
-2.9375 
-1.45313 
-2.98438 
3.79688 
-1.45313 
3.20313 
-2.54688 
3.54688 
-2.67188 
3.75 
3.82813 
1.82813 
1.375 
3.82813 
-1.95313 
-2.89063 
3.82813 
3.82813 
-1.53125 
-0.5 
3.82813 
-0.75 
3.82813 
3.79688 
-1.76563 
3.875 
-2.09375 
-2.09375 
-2.26563 
-2.0625 
3.53125 
3.82813 
1.73438 
3.82813 
3.82813 
-3.03125 
-1.5 
-1.34375 
-2.92188 
3.79688 
-2.15625 
-0.0625 
-2.71875 
3.75 
2.1875 
-2.32813 
-0.421875 
3.82813 
-2.15625 
3.82813 
2.20313 
-1.34375 
-3.03125 
-2.5 
3.82813 
-0.984375 
3.85938 
-1.85938 
3.82813 
2.92188 
1.23438 
-1.5625 
-1.67188 
-1.90625 
0.8125 
3.79688 
-0.671875 
-0.921875 
-2.98438 
-0.796875 
3.03125 
-1.21875 
3.29688 
-1.73438 
-2.35938 
-1.07813 
0.125 
1.90625 
3.82813 
0.875 
-2.04688 
1.85938 
3.01563 
3.82813 
-0.25 
-2.26563 
3.82813 
3.82813 
1.95313 
-2.04688 
3.82813 
3.79688 
0.890625 
-1.64063 
-0.359375 
-0.515625 
-1.8125 
3.57813 
1.35938 
2.25 
3.79688 
-0.0625 
3.79688 
-1 
3.82813 
0.171875 
3.82813 
-1.45313 
-2.9375 
-3.09375 
-2.78125 
3.82813 
-1.23438 
3.82813 
3.82813 
-2.625 
3.82813 
3.82813 
-1.92188 
3.82813 
3.82813 
0.203125 
-2.03125 
-1.34375 
3.82813 
-1.39063 
3.79688 
-1.375 
-1.75 
1.625 
-1.5 
-0.65625 
3.82813 
3.48438 
3.53125 
-1 
3.82813 
-2.42188 
-2.01563 
3.82813 
3.82813 
2.09375 
3.78125 
3.82813 
3.82813 
-1.20313 
-3.03125 
-1.67188 
-2.84375 
3.85938 
3.82813 
-1.0625 
-0.078125 
3.82813 
-2.29688 
3.82813 
-2.98438 
-1.29688 
3.82813 
3.79688 
-1.29688 
2.75 
-2.26563 
1.71875 
-1.5 
0.09375 
-1.95313 
3.82813 
3.82813 
3.48438 
-0.4375 
-2.42188 
-2.26563 
3.82813 
1 
-1.45313 
-1.64063 
-0.828125 
-2.71875 
3.82813 
3.82813 
-2.89063 
-2.1875 
-1.64063 
3.75 
-0.25 
-2.84375 
3.35938 
3.82813 
-2.57813 
-0.890625 
3.375 
3.82813 
3.82813 
-2.92188 
0.625 
-1.17188 
0.484375 
-1.4375 
3.82813 
3.57813 
-0.5 
1.5625 
-1.20313 
-2.42188 
3.79688 
3.82813 
-2.48438 
3.82813 
3.26563 
-2.51563 
-2.07813 
-0.453125 
-1.40625 
3.82813 
3.79688 
-0.765625 
3.82813 
3.82813 
-0.078125 
3.82813 
-3.3125 
-1.21875 
3.82813 
2.375 
-2.35938 
-0.3125 
3.82813 
3.82813 
3.82813 
-2.9375 
3.48438 
3.82813 
-1.95313 
3.82813 
-3.04688 
3.82813 
-1.73438 
-2.29688 
-0.75 
3.82813 
-2.84375 
3.82813 
-1.65625 
3.3125 
3.46875 
3.82813 
1.25 
0.75 
-1.76563 
3.71875 
3.03125 
3.21875 
-0.828125 
3.82813 
3.82813 
3.82813 
-0.671875 
-1.15625 
3.82813 
-1.10938 
-0.46875 
-1.4375 
3.82813 
-0.578125 
1.10938 
-0.6875 
-2.03125 
3.82813 
-1.17188 
3.82813 
-1.51563 
0.015625 
3.48438 
0.40625 
-2.25 
-2.79688 
3.82813 
3.79688 
3.82813 
-2.15625 
3.25 
3.79688 
0.8125 
-1.73438 
3.82813 
-2.46875 
-1.45313 
3.82813 
-1.03125 
-1.96875 
-2.65625 
3.78125 
-3.03125 
3.54688 
3.1875 
-0.421875 
3.48438 
0.8125 
3.82813 
3.79688 
-0.03125 
3.82813 
-1.60938 
3.39063 
2.14063 
3.79688 
-2.98438 
-2.51563 
3.82813 
3.82813 
-1.375 
-2.35938 
-2.67188 
3.82813 
3.82813 
3.79688 
3.21875 
-0.796875 
2.375 
3.82813 
-2.60938 
0.5 
3.79688 
3.79688 
-1.90625 
-0.640625 
3.79688 
-1.71875 
-1.70313 
-0.265625 
2.64063 
3.82813 
-1 
3.82813 
-0.375 
-2.03125 
3.82813 
3.82813 
-2.07813 
-0.390625 
3.82813 
-1.125 
3.82813 
-1.4375 
-1.64063 
-2.17188 
3.82813 
3.82813 
-2.57813 
-2.51563 
-1.46875 
3.3125 
-1.8125 
3.39063 
-1.6875 
3.79688 
-1.5625 
-2.92188 
-0.203125 
3.82813 
-3.04688 
-2.96875 
-2.51563 
-1.71875 
0.3125 
-1.82813 
-2.875 
3.82813 
-0.40625 
3.625 
1.98438 
3.79688 
3.82813 
-2.3125 
-1.26563 
0.5 
3.6875 
-2.84375 
-1.3125 
1.10938 
3.82813 
-0.296875 
3.26563 
-2.23438 
3.82813 
3.625 
3.39063 
1.60938 
3.82813 
3.82813 
-2.375 
0.671875 
1.75 
-0.71875 
3.82813 
3.79688 
-0.546875 
3.79688 
3.3125 
-0.203125 
3.82813 
-0.703125 
-2.625 
3.82813 
0.890625 
0.140625 
-2.98438 
3.53125 
3.82813 
1.8125 
3.75 
-2.09375 
3.82813 
-0.75 
-0.484375 
1.75 
-1.5 
-3 
-1.59375 
3.82813 
1.14063 
3.46875 
3.03125 
-1.98438 
-0.25 
3.14063 
-1.20313 
-1.875 
0.1875 
0.1875 
-1.125 
3.79688 
-2.95313 
3.82813 
-1.95313 
3.875 
0.8125 
-1.32813 
-0.921875 
-1.46875 
3.82813 
-2.92188 
1.8125 
-0.265625 
-3.03125 
-1.85938 
3.82813 
3.82813 
3.875 
0.453125 
3.75 
-1.39063 
-2.5 
-0.78125 
-1.54688 
-2.125 
0.265625 
3.82813 
3.67188 
-0.1875 
3.53125 
-0.421875 
1.625 
-0.40625 
-2.60938 
-2.5 
0.046875 
-1.10938 
3.82813 
-2.54688 
-2.04688 
0.109375 
-0.5625 
3.82813 
3.82813 
3.79688 
0.625 
-0.453125 
3.79688 
-1.23438 
-1.39063 
3.82813 
-1.60938 
3.82813 
0.53125 
-2.85938 
0.3125 
-2.85938 
-1.53125 
3.79688 
3.57813 
-2.26563 
-2.4375 
2.875 
-3.03125 
-2.25 
-1.17188 
-0.171875 
0.625 
3.48438 
2.64063 
-3.04688 
1.5 
-1.54688 
3.79688 
3.82813 
3.82813 
-0.9375 
-2.9375 
3.82813 
-1.9375 
0.203125 
2.29688 
-0.09375 
3.82813 
0.765625 
3.39063 
3.79688 
3.85938 
-2.35938 
-1.26563 
2.48438 
-2.625 
3.82813 
3.82813 
3.82813 
-1.60938 
3.82813 
3.75 
3.82813 
3.82813 
3.67188 
-2.71875 
3.82813 
-2.14063 
3.79688 
3.82813 
3.82813 
3.82813 
-0.421875 
3.85938 
-0.9375 
3.82813 
-1.9375 
-2.42188 
-0.375 
3.79688 
0.359375 
0.9375 
-1.0625 
0.515625 
-1.20313 
-3.01563 
-0.546875 
-0.546875 
3.82813 
-0.78125 
3.82813 
-2.35938 
-1.8125 
3.82813 
-0.90625 
-0.46875 
-2.35938 
3.82813 
0.828125 
3.79688 
-2.51563 
-2.89063 
3.79688 
-1.73438 
3.82813 
-0.4375 
-1.78125 
3.39063 
-2.78125 
-2.28125 
-2.40625 
-1.73438 
-1.48438 
3.82813 
3.82813 
-1.78125 
3.82813 
-2.70313 
-0.625 
-1.8125 
3.23438 
3.79688 
1 
-0.65625 
-0.5625 
3.82813 
-2.26563 
3.82813 
-0.09375 
2.45313 
3.79688 
-2.875 
-1.84375 
1.53125 
-0.625 
2.09375 
3.82813 
2.78125 
2.26563 
3.82813 
-1.23438 
-1.5 
-1.17188 
3.82813 
-1.64063 
2.92188 
3.75 
-1.45313 
2.39063 
3.82813 
-0.421875 
3.82813 
-2.4375 
-2.35938 
3.82813 
-2.42188 
-0.875 
-1.01563 
0.984375 
3.15625 
3.82813 
-2.04688 
3.82813 
3.82813 
3.53125 
3.82813 
3.79688 
3.82813 
-2.6875 
-2.71875 
3.53125 
2.65625 
3.82813 
3.79688 
3.79688 
3.82813 
-0.390625 
-1.98438 
3.79688 
-1.29688 
-1.17188 
0.625 
-0.34375 
-1.25 
-0.859375 
-1.98438 
-2.3125 
3.39063 
-2.59375 
1.75 
-1.39063 
0.015625 
3.29688 
-2.875 
0.9375 
-2.32813 
-1.8125 
-1.5 
3.82813 
3.82813 
3.82813 
-0.640625 
3.3125 
-3.1875 
3.82813 
-1.42188 
-1.64063 
-1.35938 
3.78125 
-1.65625 
-1.0625 
-2.82813 
-3.09375 
2.5625 
3.82813 
-0.640625 
-2.67188 
3 
3.82813 
-0.96875 
-1.20313 
3.82813 
0.53125 
-1.76563 
3.82813 
3.82813 
3.34375 
3.82813 
0.265625 
-0.515625 
0.3125 
0.0625 
3.82813 
3.79688 
3.79688 
3.82813 
-2.98438 
3.79688 
-2.71875 
3.78125 
-1.23438 
3.875 
1.29688 
3.82813 
3.82813 
3.45313 
3.82813 
2.09375 
-2.26563 
-2.03125 
-1.125 
-2.17188 
0.984375 
-0.609375 
-1.90625 
-2.21875 
-0.328125 
0.703125 
-1.9375 
3.82813 
-0.15625 
3.79688 
3.82813 
3.82813 
3.82813 
-2.60938 
2.29688 
-1.51563 
3.82813 
-0.984375 
-2.21875 
-2.09375 
3.82813 
0.1875 
-2.82813 
3.875 
3.79688 
-1.73438 
-0.609375 
-3.03125 
-1.76563 
3.82813 
3.82813 
3.82813 
-1.45313 
3.82813 
1 
3.79688 
-1.53125 
3.39063 
1.35938 
-1.8125 
3.82813 
3.82813 
-1.125 
3.82813 
3.82813 
3.82813 
-0.03125 
3.82813 
3.82813 
3.79688 
3.57813 
2.09375 
1.40625 
3.82813 
3.40625 
0.421875 
0.53125 
3.82813 
3.39063 
3.82813 
-2 
-1.60938 
-2.5625 
3.82813 
3.82813 
3.82813 
-0.890625 
3.79688 
3.82813 
3.79688 
-2.98438 
-2 
-1.21875 
-2.5625 
0.8125 
-2.32813 
1.14063 
-2.84375 
3.82813 
2.15625 
0.4375 
3.82813 
3.82813 
3.23438 
-2.51563 
-1.82813 
3.82813 
0.125 
3.82813 
-2.51563 
-2.625 
0.234375 
2.14063 
3.14063 
-2.40625 
3.82813 
-3.03125 
3.79688 
3.82813 
-1 
-2.76563 
-2.98438 
-1.78125 
-2.3125 
-2.90625 
-2.98438 
3.82813 
-2.625 
-0.6875 
-1.01563 
3.875 
-1.9375 
1.90625 
-1.46875 
3.79688 
-2.84375 
3.82813 
3.875 
3.82813 
3.79688 
-1.625 
-2.92188 
-2.54688 
3.75 
-1.5 
3.82813 
3.82813 
-1.25 
3.79688 
3.82813 
-2.125 
3.82813 
3.82813 
3.82813 
3.82813 
-1.89063 
3.3125 
3.82813 
-1.26563 
-1.78125 
3.82813 
-2.07813 
-1.8125 
3.79688 
-2.92188 
-1.10938 
3.82813 
3.875 
-2.71875 
3.82813 
2.625 
-2.46875 
3.79688 
0.828125 
3.79688 
3.48438 
-2.46875 
0.8125 
3.82813 
0.359375 
-2.64063 
-2.10938 
-0.03125 
3.82813 
-3.03125 
3.82813 
-2.84375 
3.85938 
3.79688 
3.3125 
-1.48438 
3.54688 
3.82813 
3.82813 
3.82813 
-2.34375 
3.625 
3.82813 
2.85938 
0.671875 
0.25 
-2.89063 
-1.67188 
3.82813 
-0.796875 
3.82813 
1.75 
-2.23438 
3.82813 
-1.34375 
-0.15625 
-2.625 
3.82813 
-0.59375 
-2.96875 
3.82813 
-1.39063 
3.82813 
-1.3125 
-2.85938 
-1.5 
3.82813 
3.82813 
0.8125 
3.79688 
1.9375 
3.82813 
-2.09375 
1.98438 
-1.75 
3.82813 
-0.203125 
1.8125 
3.82813 
2.57813 
-0.078125 
3.03125 
-2.03125 
3.82813 
-0.1875 
3.4375 
-0.828125 
3.82813 
0.171875 
2.09375 
3.54688 
3.79688 
-2.48438 
0.1875 
3.82813 
3.82813 
1.03125 
-2.53125 
3.75 
3.82813 
0.75 
0.140625 
3.82813 
0.3125 
3.82813 
-0.703125 
-2.26563 
0.171875 
-1.1875 
-2.64063 
3.84375 
-2.46875 
2.59375 
3.82813 
-1.07813 
3.82813 
-2.5625 
3.79688 
-1.39063 
-1.29688 
-2.78125 
-2.98438 
-2.3125 
-2.10938 
3.67188 
1.39063 
-3.09375 
-0.609375 
3.82813 
3.82813 
-1.39063 
0.484375 
3.82813 
3.82813 
-1.95313 
-0.765625 
-2.51563 
3.82813 
3.82813 
3.79688 
3.82813 
3.09375 
-0.765625 
1.96875 
-1.34375 
-0.640625 
-1.15625 
0.078125 
3.82813 
1.48438 
-1.14063 
-0.46875 
-0.484375 
3.82813 
2.73438 
3.40625 
-0.078125 
3.82813 
3.4375 
-2.73438 
3.82813 
2.01563 
-1.0625 
3.82813 
-0.640625 
-1.67188 
-0.734375 
3.82813 
-2.84375 
-0.703125 
-0.0625 
-2.46875 
3.79688 
-2.28125 
3.71875 
1.46875 
3.85938 
3.82813 
3.82813 
-3.03125 
2.79688 
-2.78125 
3.82813 
3.82813 
3.09375 
1.45313 
3.82813 
3.09375 
3.82813 
3.82813 
-1.92188 
0.21875 
3.82813 
3.5 
0.1875 
-3.03125 
-2.09375 
3.82813 
3.20313 
2.04688 
3.25 
-1.76563 
3.82813 
-2.3125 
1.4375 
3.4375 
3.375 
3.82813 
-2.65625 
-0.359375 
-3.03125 
3.79688 
3.82813 
-2.82813 
3.82813 
-2.03125 
1.71875 
-2.98438 
-1.48438 
-1.39063 
3.82813 
-0.40625 
3.79688 
-2.84375 
-1.23438 
-1.14063 
-2.15625 
-0.265625 
3.82813 
-1.07813 
-2.48438 
-3.04688 
0.171875 
3.82813 
3.82813 
-2.875 
-0.046875 
-1.48438 
-1.70313 
3.39063 
-0.265625 
3.82813 
3.82813 
-0.875 
-2.125 
-3.23438 
-0.203125 
-1.45313 
-1.71875 
3.03125 
-2.98438 
0.625 
3.75 
-1 
3.82813 
3.82813 
3.40625 
-1.78125 
1.625 
-0.375 
3.82813 
3.26563 
-1.5 
-0.953125 
-2.15625 
-2.14063 
3.82813 
3.82813 
3.82813 
-1.53125 
3.82813 
-2.26563 
3.25 
3.82813 
3.82813 
-1.09375 
-1.04688 
0.15625 
3.75 
2.71875 
-2.60938 
-2.98438 
-2.98438 
-2.625 
-2.46875 
-0.640625 
2.92188 
-1.125 
-1.375 
3.82813 
-2.125 
3.79688 
0.1875 
0.578125 
-2.92188 
-2.89063 
-2.46875 
3.82813 
-1.29688 
3.82813 
-2.29688 
3.82813 
-2.40625 
-2.5 
-1.32813 
-1.28125 
-2.03125 
-1.28125 
-1.09375 
3.82813 
-0.046875 
-1.71875 
-1.32813 
-3.03125 
0.8125 
2.45313 
3.39063 
-1.40625 
-2.48438 
3.82813 
2.26563 
-2.67188 
3.82813 
3.82813 
3.82813 
2.9375 
-0.90625 
-1.60938 
3.82813 
1.71875 
3.82813 
-0.421875 
3.79688 
-0.375 
3.82813 
3.84375 
1.4375 
-0.40625 
3.82813 
3.82813 
-1.90625 
-0.453125 
3.82813 
3.82813 
3.82813 
3.82813 
-1.20313 
3.82813 
1.20313 
-2.5625 
3.75 
-0.59375 
-0.15625 
3.48438 
3.82813 
3.75 
0.671875 
-2.75 
3.48438 
0.53125 
3.82813 
3.0625 
3.75 
-2.14063 
-2.98438 
3.23438 
3.82813 
3.79688 
2.65625 
3.48438 
-3.04688 
3.82813 
-2.0625 
2.92188 
3.79688 
2.125 
-1.89063 
3.53125 
2.09375 
-2.96875 
-1.125 
-1.46875 
3.32813 
3.82813 
3.82813 
1.23438 
-3 
-2.23438 
3.4375 
-0.65625 
-1.01563 
-1.71875 
-2.98438 
-0.203125 
-0.421875 
-1.90625 
3.82813 
3.79688 
-2.21875 
3.82813 
0.03125 
3.82813 
3.82813 
-2.46875 
3.82813 
-1.20313 
3.82813 
3.79688 
3.79688 
-0.78125 
3.85938 
-1.57813 
3.54688 
3.82813 
3.82813 
1.5 
2.375 
-0.984375 
3.82813 
-2.57813 
-1.17188 
-0.453125 
2.92188 
-1.85938 
-1.10938 
2.79688 
3.79688 
3.01563 
-2.60938 
-1.10938 
3.82813 
-1.45313 
-2.42188 
3.79688 
3.82813 
-2 
-0.078125 
-0.21875 
3.82813 
0.75 
-1.54688 
-2.125 
-0.578125 
2.25 
3.82813 
3.82813 
-2.59375 
-0.40625 
-2.71875 
1.96875 
3.82813 
-2.03125 
3.0625 
-1.78125 
3.82813 
-2.79688 
3.20313 
3.79688 
-2.92188 
3.79688 
-2.32813 
3.82813 
-0.71875 
3.82813 
-2.71875 
-1.45313 
-1 
3.82813 
-1.78125 
3.82813 
-1.21875 
0.078125 
0.84375 
-1.10938 
3.82813 
-2.85938 
0.5 
-0.765625 
-2.70313 
3.79688 
-2.75 
3.21875 
3.82813 
-0.09375 
-1.6875 
-1.45313 
3.71875 
-1 
3.82813 
3.14063 
3.82813 
3.79688 
-0.109375 
3.79688 
-2.35938 
3.78125 
-1.79688 
-1.40625 
3.21875 
-1.21875 
3.40625 
-2.14063 
-0.59375 
3.79688 
-1.48438 
0.09375 
2.92188 
2.23438 
1.73438 
-2.85938 
0.78125 
-0.4375 
2.01563 
3.82813 
-2.0625 
3.4375 
0.125 
3.82813 
-2.125 
-2.92188 
-2.65625 
3.3125 
3.82813 
-1.79688 
3.51563 
3.82813 
3.82813 
-0.59375 
1 
3.82813 
-3.0625 
-2.3125 
-0.078125 
1.73438 
-0.375 
3.79688 
-1.5625 
-0.984375 
3.03125 
-2.01563 
3.75 
-2.71875 
-1.48438 
3.79688 
3.82813 
0.265625 
-2.5625 
3.23438 
2.09375 
3.82813 
-1.625 
3.82813 
3.82813 
-2.8125 
3.82813 
-2.64063 
-2.625 
2.5625 
3.79688 
3.53125 
-0.8125 
-2.32813 
3.85938 
3.82813 
0.53125 
-1.26563 
3.82813 
-2.9375 
-2.84375 
3.75 
1.59375 
-2.79688 
-1.17188 
-1.48438 
3.82813 
-0.109375 
1.54688 
-2.42188 
3.54688 
-1.15625 
0.625 
-1.39063 
-1.60938 
-0.1875 
-1.03125 
-2.3125 
0.96875 
3.82813 
-1.73438 
3.3125 
-2.84375 
-1.53125 
-1.32813 
3.82813 
-0.34375 
-1.45313 
-0.21875 
2.04688 
3.82813 
3.82813 
-1.95313 
3.82813 
3.79688 
-2.375 
-2.82813 
-2.23438 
3.82813 
-1.21875 
-2.53125 
3.85938 
3.79688 
3.82813 
-1.42188 
3.48438 
-2.71875 
-1.10938 
-2.125 
0.40625 
-2.0625 
-2.71875 
-2.84375 
1.29688 
3.82813 
-3.03125 
2.92188 
1.71875 
3.21875 
3.82813 
2.67188 
-0.859375 
2.34375 
3.82813 
1.5 
3.82813 
0.875 
0.3125 
3.79688 
-2.5625 
3.84375 
3.82813 
-0.9375 
3.75 
-0.03125 
-2.51563 
-3.3125 
-2.07813 
3.82813 
3.82813 
-1.29688 
-1.92188 
-0.484375 
0.03125 
-2.625 
3.82813 
0.390625 
-2.84375 
3.82813 
2.4375 
-1.5 
-0.09375 
3.82813 
3.82813 
3.82813 
3.82813 
3.82813 
-3.21875 
3.79688 
-1.34375 
3.625 
3.82813 
3.57813 
-1.98438 
-2.59375 
3.79688 
-2.60938 
0.59375 
1.73438 
3.01563 
3.82813 
-0.78125 
0.90625 
3.79688 
-0.71875 
-1.76563 
-1.5625 
3.79688 
-0.28125 
3.82813 
3.82813 
3.79688 
3.82813 
3.82813 
3.82813 
-1.45313 
-1.82813 
3.82813 
3.79688 
-1.32813 
-1.6875 
-1.85938 
-1.48438 
3.82813 
3.79688 
3.82813 
-2.92188 
-2.75 
-2.98438 
-0.046875 
3.79688 
-2.0625 
-2.89063 
-1.125 
3.84375 
-0.703125 
0.34375 
3.82813 
3.82813 
-0.765625 
3.875 
3.82813 
-1.10938 
-1.95313 
3.82813 
0.96875 
-1.60938 
0.046875 
3.82813 
2.15625 
3.82813 
3.875 
1.0625 
3.82813 
-2.75 
3.82813 
3.48438 
0.28125 
-2.8125 
3.21875 
1.21875 
-1 
3.82813 
-0.71875 
3.82813 
3.82813 
-2.78125 
3.79688 
-1.17188 
3.82813 
-2.125 
-2.32813 
-3.3125 
3.82813 
-1.65625 
-1.8125 
-2.60938 
1.67188 
0.1875 
-2.40625 
3.79688 
-2.375 
3.82813 
-2.39063 
-2.71875 
2.15625 
-2.46875 
-2.17188 
-0.4375 
-2.85938 
0.84375 
-1.92188 
3.82813 
-3 
-1.8125 
-0.640625 
-0.890625 
3.82813 
-1.0625 
0.40625 
-1.8125 
-2.25 
-1.5 
3.79688 
-2.07813 
-0.203125 
-1.03125 
3.79688 
-1.625 
-1.14063 
-1.25 
3.82813 
-2.85938 
3.82813 
3.82813 
3.82813 
3.82813 
0.34375 
3.625 
-1.84375 
-0.671875 
3.82813 
-2.48438 
-0.734375 
-1.34375 
-1.96875 
-1.3125 
-2.51563 
-0.25 
3.71875 
-2.48438 
-3.3125 
3.79688 
3.82813 
-0.890625 
0.296875 
3.75 
3.625 
2.29688 
3.21875 
3.82813 
-2.96875 
-1.54688 
3.79688 
3.75 
3.40625 
3.75 
3.82813 
0.1875 
0.578125 
2.92188 
-2 
2.76563 
-0.9375 
2.09375 
3.48438 
-2.53125 
3.21875 
-1.90625 
-0.828125 
3.82813 
3.625 
-2.51563 
3.09375 
3.48438 
2.59375 
-1.5625 
3.82813 
-2.90625 
3.82813 
-2.48438 
-1.65625 
-1.20313 
0.0625 
3.82813 
3.82813 
-0.421875 
-0.78125 
3.48438 
3.82813 
-1.125 
-0.015625 
-1.32813 
3.5 
0.140625 
3.82813 
0.28125 
0 
-2.51563 
-1.96875 
0.125 
3.53125 
3.875 
3.21875 
-1.6875 
3.82813 
1.96875 
-0.484375 
-1.21875 
-1.82813 
3.82813 
3.82813 
-2.53125 
3.82813 
3.79688 
-1.45313 
3.48438 
3.82813 
3.82813 
2.67188 
3.875 
3.79688 
-1.48438 
-3.14063 
-0.453125 
3.82813 
0.015625 
-0.46875 
-0.875 
-1.70313 
-1.46875 
-2.60938 
-2.48438 
3.79688 
3.82813 
-0.8125 
-1.90625 
-0.984375 
0.90625 
3.82813 
-0.90625 
-0.640625 
-2.65625 
-2.98438 
3.82813 
-2.84375 
3.82813 
-1.5 
3.79688 
-0.375 
3.82813 
3.82813 
-2.01563 
-1.6875 
3.82813 
-1.46875 
3.82813 
3.82813 
3.48438 
3.25 
3.82813 
0.1875 
-1.3125 
3.82813 
0.109375 
-2.59375 
-0.765625 
3.82813 
1.5 
0.625 
2.75 
-0.8125 
-1 
3.82813 
1.15625 
-0.546875 
-1.96875 
3.375 
-0.5625 
3.84375 
-0.375 
-3.29688 
3.82813 
-1.51563 
0.28125 
-1.03125 
3.82813 
-1.89063 
3.25 
3.82813 
3.82813 
-0.296875 
3.82813 
-1.70313 
-0.53125 
3.53125 
2.92188 
3.79688 
-2.45313 
3.82813 
1.07813 
-1.40625 
3.82813 
1.01563 
3.82813 
3.82813 
0.15625 
-2.26563 
3.82813 
3.82813 
-0.53125 
3.79688 
-1.32813 
3.82813 
-1.5625 
3.82813 
-1.75 
-2.32813 
-1.73438 
3.82813 
3.79688 
3.75 
-1.5625 
-2.75 
-1.60938 
3.375 
0.015625 
-1.29688 
3.82813 
0.59375 
-0.390625 
-1.96875 
-2.53125 
3.79688 
3.79688 
3.79688 
1.29688 
-1.70313 
3.82813 
3.82813 
-2.92188 
-1.42188 
2.5625 
3.82813 
3.82813 
-0.84375 
3.3125 
-2.29688 
-1 
3.82813 
3.82813 
-1.8125 
-1.10938 
-2 
3.82813 
0.140625 
3.82813 
-2.25 
3.82813 
3.82813 
1.64063 
-2.01563 
3.79688 
-1.65625 
2.625 
3.82813 
3.82813 
3.79688 
3.82813 
-0.1875 
-2.42188 
3.82813 
3.82813 
-1.60938 
-3.29688 
-1.73438 
3.82813 
3.53125 
-1.90625 
-2.32813 
3.82813 
-2.75 
-0.09375 
3.82813 
2.15625 
-3.1875 
-1.23438 
-2.84375 
-0.9375 
-1.4375 
3.79688 
-1.23438 
3.82813 
2.09375 
3.79688 
-0.8125 
3.82813 
-2.82813 
-0.4375 
2.09375 
3.84375 
-0.9375 
-2.5625 
-2.3125 
2.4375 
-2.92188 
-2.03125 
-3.3125 
3.82813 
-1.25 
-1.25 
3.79688 
3.82813 
-0.484375 
2.64063 
-0.984375 
-1.1875 
-0.375 
-1 
3.3125 
-1.04688 
-2.79688 
1.76563 
-1.57813 
3.82813 
-2.40625 
-1.6875 
-3.03125 
2.26563 
3.82813 
2.92188 
3.82813 
-2.28125 
3.82813 
-1.76563 
1.76563 
3.82813 
1.67188 
3.79688 
-0.25 
3.82813 
-2.625 
0.234375 
3.82813 
0.109375 
-0.109375 
0.5625 
-2.65625 
-2.51563 
-1.82813 
2.04688 
-0.140625 
3.82813 
3.82813 
-1.8125 
-0.765625 
-2.57813 
-2.46875 
3.82813 
3.82813 
3.67188 
3.82813 
-0.09375 
3.75 
-0.40625 
-0.65625 
-1.89063 
0.546875 
3.82813 
3.48438 
-2.46875 
-1.14063 
-0.59375 
-1.39063 
-0.5625 
3.82813 
3.82813 
1.1875 
3.79688 
3.82813 
3.79688 
0.0625 
-0.765625 
-1.09375 
-2.625 
3.51563 
3.21875 
-0.546875 
-0.09375 
3.82813 
3.21875 
3.82813 
2.64063 
3.82813 
0.3125 
-1.53125 
-0.328125 
-0.1875 
3.82813 
3.79688 
3.75 
-1.51563 
0.078125 
-1.34375 
-1.84375 
-2.84375 
-2.82813 
3.07813 
-1.65625 
-1.28125 
3.82813 
3.82813 
3.875 
-1.42188 
2.45313 
3.82813 
3.82813 
-1.21875 
-3.21875 
0.25 
3.82813 
3.34375 
-3.03125 
-1.4375 
3.82813 
-2.0625 
-2.5625 
0.734375 
3.29688 
3.82813 
2.8125 
-2.6875 
-2.0625 
3.82813 
3.82813 
3.875 
-2.46875 
2.45313 
2.96875 
3.82813 
3.79688 
1.14063 
3.82813 
-3.32813 
3.82813 
3.21875 
3.82813 
2.9375 
-2.73438 
3.82813 
3.4375 
3.82813 
3.82813 
-0.640625 
0.8125 
3.82813 
-1.07813 
-0.09375 
-1.84375 
0.75 
-1.8125 
-0.84375 
-0.59375 
3.82813 
-0.765625 
0.359375 
3.48438 
-1.92188 
3.82813 
3.75 
-0.078125 
-0.578125 
2.625 
1.45313 
3.82813 
-2.20313 
-0.140625 
3.82813 
3.82813 
-0.265625 
3.79688 
-1.92188 
-2.375 
3.75 
-1.75 
3.82813 
-1.45313 
3.82813 
2.20313 
3.79688 
3.40625 
3.82813 
3.84375 
3.3125 
3.84375 
-1.90625 
0.53125 
-1 
3.79688 
3.85938 
3.79688 
3.79688 
-2.42188 
1.4375 
3.82813 
-2.51563 
3.82813 
-1.6875 
3.53125 
-1.26563 
-1.53125 
1.3125 
0 
-0.34375 
3.82813 
3.82813 
2.21875 
-2.51563 
-0.03125 
3.82813 
3.625 
-0.203125 
2.64063 
-0.3125 
3.84375 
3.82813 
3.82813 
0.078125 
-1.73438 
-1.21875 
3.82813 
-1.3125 
3.82813 
2.35938 
-1.17188 
3.82813 
0.015625 
3.79688 
-2.0625 
3.82813 
3.79688 
-2.5625 
2.92188 
2.60938 
3.79688 
1.4375 
-1.34375 
3.82813 
-1.875 
-0.359375 
3.82813 
-2.29688 
-2.67188 
3.54688 
-2.01563 
3.79688 
3.79688 
3.82813 
-0.375 
-1.65625 
3.82813 
-2.92188 
3.82813 
3.375 
3.82813 
-1.67188 
-1.34375 
-1.59375 
3.79688 
-1.03125 
2.67188 
3.82813 
-2.67188 
0.671875 
3.82813 
3.79688 
3.82813 
3.79688 
-2.625 
-2.51563 
-2.04688 
3.82813 
-2.98438 
-0.109375 
3.82813 
3.82813 
3.82813 
-0.53125 
3.75 
3.85938 
1.23438 
3.82813 
-1.92188 
0.625 
-2.82813 
2.45313 
3.82813 
-3.03125 
3.82813 
-1.14063 
3.82813 
-1.20313 
3.79688 
2.23438 
3.82813 
-2.71875 
3.4375 
3.82813 
3.39063 
3.82813 
3.84375 
3.82813 
-2.125 
-0.140625 
3.82813 
-2.03125 
-1.71875 
3.57813 
0.859375 
-2.84375 
-1.51563 
3.82813 
3.875 
-0.953125 
-1.51563 
-0.03125 
-1.42188 
-0.375 
0.046875 
0.0625 
-1.92188 
-2.95313 
3.82813 
3.79688 
3.82813 
-1.60938 
1.60938 
0.75 
3.82813 
-2.78125 
3.82813 
-0.921875 
-0.53125 
3.82813 
3.82813 
-2.64063 
3.79688 
-0.40625 
-0.421875 
-1.8125 
-2.89063 
1.8125 
-1.59375 
3.82813 
-2.15625 
-0.984375 
3.125 
0.53125 
3.82813 
-2.89063 
-2.28125 
2.23438 
3.82813 
0.265625 
0 
-2.84375 
1.57813 
-0.765625 
3.14063 
-2.92188 
-0.90625 
-2.51563 
-0.09375 
3.82813 
-0.28125 
-2.20313 
-2.34375 
-1.67188 
3.82813 
3.03125 
-2.9375 
3.79688 
3.21875 
2.67188 
3.82813 
3.82813 
3.79688 
3.82813 
0.109375 
-1.42188 
-1.07813 
-1.32813 
3.82813 
-1.21875 
-2 
0.75 
-1.17188 
-1.45313 
-1.375 
3.82813 
3.82813 
-1.625 
-3.09375 
3.32813 
3.53125 
3.82813 
-0.421875 
3.21875 
3.82813 
-2.03125 
3.75 
3.82813 
3.82813 
-1.15625 
-1.5 
3.82813 
3.3125 
-0.703125 
-2.5 
-0.59375 
-0.390625 
-2.79688 
3.82813 
3.82813 
-2.70313 
-0.375 
-2.98438 
3.82813 
-1.28125 
3.82813 
-2.70313 
2.375 
-1.26563 
3.625 
3.82813 
3.82813 
3.79688 
3.82813 
3.82813 
0.125 
-2.375 
3.79688 
3.79688 
3.82813 
3.82813 
3.79688 
3.82813 
3.82813 
-2 
-2.95313 
0.421875 
3.82813 
-1.82813 
3.82813 
3.82813 
-1.45313 
3.03125 
3.82813 
3.82813 
-0.328125 
0.265625 
-1.79688 
3.54688 
3.79688 
-2.96875 
-2.5 
3.48438 
1.6875 
-2.45313 
-2.29688 
-1.8125 
3.82813 
1.67188 
0.96875 
-2.84375 
3.82813 
-2.40625 
3.85938 
3.82813 
3.82813 
3.82813 
-0.828125 
-1.39063 
3.82813 
3.25 
-2.71875 
-0.359375 
3.79688 
3.82813 
3.85938 
-0.09375 
-3.03125 
3.82813 
-1.60938 
-2.34375 
-2.85938 
3.82813 
-1.73438 
3.0625 
-0.421875 
-1.85938 
3.51563 
2.54688 
-2.6875 
-1.84375 
3.82813 
-1.76563 
-1.73438 
2.125 
3.67188 
3.78125 
3.82813 
3.82813 
-2.67188 
3.79688 
-2.32813 
3.875 
3.79688 
-2.5625 
3.82813 
3.875 
1.53125 
3.78125 
-1.71875 
3.82813 
3.82813 
-0.1875 
-1.51563 
3.82813 
-2.96875 
-1.60938 
-0.859375 
-2.82813 
-0.9375 
-3.10938 
3.23438 
-1.21875 
-2.3125 
3.75 
-2.51563 
-1.85938 
-1.29688 
-0.34375 
3.82813 
3.82813 
2.9375 
-1.54688 
0.1875 
3.79688 
3.32813 
-0.703125 
3.53125 
-1.3125 
-2.42188 
3.82813 
-2.5625 
-1.48438 
-0.59375 
-1.60938 
0.625 
3.82813 
3.82813 
-2.34375 
3.82813 
3.39063 
3.82813 
3.82813 
-0.828125 
-1.8125 
1.29688 
-0.46875 
0.671875 
0.34375 
-2.96875 
3.85938 
-2.84375 
3.82813 
-1.51563 
2.09375 
0.8125 
3.79688 
-2.875 
-2.95313 
2.8125 
-1.4375 
3.82813 
3.82813 
3.82813 
1.5625 
-2.96875 
-2.625 
3.82813 
-0.125 
3.82813 
3.34375 
2.20313 
-2.60938 
-2.82813 
-0.890625 
3.82813 
3.82813 
3.45313 
0.953125 
-1.84375 
3.82813 
3.82813 
3.79688 
3.82813 
-1.1875 
3.82813 
3.82813 
3.79688 
-2.28125 
3.82813 
3.82813 
-2.375 
-1.39063 
-2.21875 
3.54688 
-2.60938 
-0.5625 
-1 
3.82813 
-2.60938 
3.59375 
-1.39063 
-0.140625 
-2.71875 
-0.40625 
3.82813 
-1.10938 
-2.0625 
-0.8125 
-1.45313 
3.82813 
3.82813 
-2.54688 
0.015625 
0.6875 
2.0625 
-2.46875 
-1.53125 
-1.0625 
-1.5 
-1.5 
-2.46875 
-0.9375 
1.375 
-0.015625 
3.79688 
3.79688 
3.82813 
-2.67188 
-1.84375 
-2.51563 
-0.4375 
3.82813 
3.82813 
-3.10938 
-2.46875 
1.15625 
-1.82813 
-3.07813 
3.82813 
3.82813 
3.79688 
-1.71875 
-1.10938 
1.51563 
0.140625 
3.82813 
-2.04688 
-2.01563 
-1.28125 
-2.10938 
-1.375 
2.1875 
3.82813 
3.875 
-2.96875 
-0.34375 
2.60938 
3.82813 
3.82813 
-0.09375 
-0.859375 
0.25 
3.82813 
-2.48438 
-2.20313 
-2.375 
-2.04688 
-1.70313 
3.82813 
-0.921875 
3.82813 
-2.59375 
-0.40625 
-1.54688 
-0.171875 
2.29688 
3.82813 
3.48438 
-0.421875 
3.84375 
3.82813 
3.82813 
3.82813 
-1.46875 
-2.84375 
-3 
3.82813 
3.82813 
-1.8125 
-0.359375 
3.82813 
-1.29688 
0.875 
3.82813 
-1.45313 
-2.92188 
1.90625 
-1.46875 
3.79688 
-1.71875 
-0.890625 
3.79688 
3.82813 
-1.40625 
-2.35938 
-2.48438 
3.82813 
1.375 
3.82813 
-0.53125 
-2.78125 
-2.09375 
-0.421875 
3.82813 
-2.5625 
3.82813 
-2.6875 
0.359375 
3.82813 
-2.98438 
-1.01563 
0.25 
3.82813 
-1.96875 
-1.79688 
3.82813 
3.82813 
3.53125 
-0.375 
-2.78125 
0.984375 
3.79688 
-2.4375 
-1.45313 
3.82813 
-2.0625 
0.296875 
-0.53125 
-0.90625 
-1.21875 
-1.45313 
-2.14063 
3.82813 
-2.45313 
3.82813 
-0.5625 
-0.421875 
-0.828125 
-1.53125 
-2.01563 
3.82813 
-2.98438 
3.82813 
2.5 
3.71875 
3.82813 
-1.65625 
-2.375 
3.09375 
-0.375 
-1.60938 
3.82813 
3.82813 
-2.07813 
0.921875 
3.82813 
-3.09375 
-3 
-0.9375 
3.82813 
3.82813 
3.82813 
0.734375 
-1.73438 
3.79688 
-1.40625 
-1.04688 
-0.8125 
3.82813 
-1.875 
3.79688 
-1.21875 
-2.26563 
-2.6875 
3.21875 
3.79688 
3.82813 
3.79688 
3.54688 
3.40625 
3.875 
-3.04688 
-2.3125 
-1.78125 
0.8125 
3.82813 
3.82813 
3.45313 
-2.29688 
3.79688 
1.73438 
-2.35938 
3.82813 
-3.04688 
-0.09375 
-2.29688 
3.79688 
-1.96875 
3.82813 
-2.35938 
3.79688 
0.84375 
3.82813 
-0.09375 
-1.85938 
3.82813 
3.82813 
3.875 
3.79688 
3.82813 
1.51563 
3.79688 
3.82813 
3.79688 
3.82813 
3.82813 
-2.26563 
3.82813 
3.82813 
3.82813 
3.82813 
-0.671875 
3.82813 
3.82813 
3.82813 
1.25 
-0.90625 
-2.92188 
0.890625 
3.79688 
-0.984375 
-2.82813 
2.09375 
0.484375 
0.53125 
3.75 
3.29688 
3.53125 
-0.109375 
3.82813 
3.82813 
3.82813 
3.82813 
-0.65625 
3.40625 
-1.46875 
3.79688 
-1.57813 
3.29688 
0.234375 
3.82813 
3.82813 
-1.14063 
3.82813 
3.82813 
-0.03125 
-2.76563 
-1.25 
-0.265625 
2.92188 
3.82813 
3.79688 
3.48438 
3.82813 
-1.9375 
3.82813 
3.82813 
-0.015625 
-2.42188 
-2.26563 
-2.95313 
3.82813 
-0.546875 
3.82813 
-0.1875 
1 
3.82813 
3.79688 
3.82813 
-3.01563 
-1.48438 
3.09375 
-1.29688 
-1.625 
3.875 
-2.64063 
-1.09375 
3.79688 
3.82813 
3.82813 
-1.67188 
3.79688 
-0.15625 
3.82813 
3.82813 
-2.89063 
3.39063 
3.82813 
1.15625 
-2.03125 
-1.45313 
-3.04688 
3.82813 
3.82813 
3.79688 
-2.45313 
-3.04688 
0.890625 
3.82813 
3.82813 
3.82813 
3.82813 
-2.96875 
0.59375 
3.29688 
3.82813 
-0.625 
2.82813 
0.796875 
-0.765625 
1.29688 
-2.98438 
-0.890625 
-1.84375 
-0.140625 
-1.5625 
3.82813 
-2.64063 
3.82813 
3.79688 
3.82813 
-1.26563 
3.09375 
1.75 
3.82813 
-0.484375 
-1.1875 
3.82813 
3.03125 
3.79688 
0.96875 
3.79688 
-1.25 
0.46875 
0.453125 
3.82813 
-1.8125 
3.39063 
2.64063 
3.79688 
-2.39063 
3.875 
-1.625 
3.75 
3.82813 
-1.95313 
3.82813 
-2.125 
3.79688 
-0.59375 
0.421875 
3.75 
-2.1875 
3.79688 
-1.76563 
-2.98438 
0.453125 
3.23438 
-2.96875 
-1.96875 
0.171875 
3.82813 
-1.90625 
3.4375 
3.79688 
-2.42188 
0.375 
3.82813 
-1.60938 
3.82813 
2.45313 
3.82813 
-3.03125 
3.21875 
3.82813 
-2.35938 
-2.10938 
-1.60938 
-0.421875 
-0.859375 
3.79688 
-1.17188 
-0.96875 
3.82813 
-3.07813 
3.875 
3.82813 
3.82813 
3.82813 
3.82813 
-2.25 
-1.09375 
3.79688 
-2.625 
3.75 
-3 
2.0625 
3.78125 
3.79688 
-0.765625 
-2.625 
-1.20313 
3.82813 
3.82813 
-2.84375 
-1.15625 
0.9375 
3.82813 
-1.75 
3.82813 
-2.39063 
3.82813 
3.82813 
3.82813 
-1.39063 
3.79688 
-1.78125 
3.82813 
3.85938 
-0.734375 
3.79688 
-0.734375 
-0.265625 
3.82813 
-0.78125 
-0.703125 
-0.9375 
-1.26563 
-2.07813 
-2.57813 
0.359375 
-1.25 
3.82813 
-1.8125 
-1 
3.79688 
3.79688 
-0.65625 
-1.92188 
-2.71875 
3.48438 
3.79688 
-2.78125 
-1.3125 
3.84375 
-2.98438 
-1.73438 
3.79688 
-2.09375 
-2.96875 
-2.20313 
3.84375 
3.4375 
3.82813 
3.82813 
-2.59375 
0.28125 
3.79688 
-2.26563 
-2.28125 
-1.48438 
1.625 
3.67188 
3.79688 
-0.34375 
3.82813 
-0.015625 
-2.75 
2.25 
-2.07813 
-1.76563 
3.82813 
-2.15625 
-2.84375 
3.82813 
3.4375 
-0.609375 
3.45313 
-0.8125 
3.48438 
3.875 
3.84375 
3.82813 
-1.07813 
3.82813 
-0.75 
-1.21875 
3.82813 
-1.45313 
3.82813 
3.4375 
3.82813 
-2.6875 
1.10938 
-0.90625 
-2 
3.79688 
0.234375 
3.82813 
3.84375 
-1.5 
3.21875 
-1.15625 
3.82813 
3.625 
-1.45313 
0.5 
-0.375 
0.890625 
-1.8125 
3.82813 
3.79688 
1.89063 
3.82813 
1.10938 
-0.484375 
-3.04688 
3.57813 
-2.14063 
-2.5625 
2.92188 
-1.5 
3.82813 
-1.89063 
0.234375 
3.48438 
1.20313 
3.79688 
-2.84375 
3.82813 
1.40625 
3.85938 
-1.54688 
3.82813 
-0.609375 
-0.84375 
3.79688 
-1.45313 
-0.796875 
-1.28125 
-0.84375 
3.54688 
-1.32813 
3.79688 
2.60938 
3.79688 
-0.140625 
-0.734375 
3.82813 
3.82813 
1.73438 
2.3125 
3.79688 
3.82813 
3.82813 
3.82813 
-2.14063 
-1.5625 
3.82813 
-2.625 
3.82813 
-2.23438 
3.82813 
3.82813 
-0.765625 
3.82813 
3.82813 
3.82813 
-1.45313 
-2.98438 
2.5 
0.375 
0.84375 
3.82813 
3.79688 
3.82813 
0.265625 
-1.67188 
3.82813 
3.82813 
3.53125 
-1.51563 
-2.21875 
-1.23438 
3.82813 
3.82813 
1.17188 
-2.07813 
-2.51563 
3.48438 
3.1875 
3.82813 
3.82813 
-1.90625 
1.73438 
-2.125 
3.51563 
3.82813 
3.79688 
-1.92188 
-0.890625 
-1.96875 
3.82813 
3.82813 
-2.23438 
3.82813 
3.82813 
3.82813 
-2.375 
-1.23438 
3.79688 
-2.98438 
1.09375 
-2.0625 
-1.03125 
3.03125 
-3 
2.375 
-2.46875 
-2.625 
3.82813 
-1.57813 
3.82813 
3.79688 
3.82813 
-1.6875 
-1.6875 
-2.67188 
-0.96875 
-1.45313 
-1.34375 
3.82813 
3.82813 
0.03125 
3.82813 
3.82813 
-1.5 
3.82813 
3.79688 
-2.98438 
-1.95313 
0.96875 
-1.125 
3.79688 
3.82813 
-0.875 
3.82813 
3.82813 
0.34375 
3.82813 
3.82813 
3.82813 
3.82813 
-1.14063 
0.265625 
3.29688 
-1.60938 
-0.8125 
-2.92188 
-3.23438 
3.79688 
3.82813 
2.09375 
-2.51563 
-2.59375 
-2.92188 
-1.5625 
3.51563 
3.21875 
-2.5 
-3.14063 
1.03125 
-2.92188 
-2.92188 
3.79688 
3.82813 
-0.25 
0.953125 
3.82813 
-2.29688 
3.82813 
0.125 
3.82813 
3.48438 
2.09375 
1.73438 
-2.92188 
3.82813 
-1.5 
3.82813 
3.82813 
3.875 
-1.0625 
-1.75 
-0.421875 
1.10938 
3.82813 
-2.20313 
3.82813 
0.765625 
-2.07813 
-1.46875 
-1.21875 
2.64063 
-0.984375 
1.04688 
3.125 
-2.625 
-1.09375 
-2.125 
3.82813 
-2.6875 
-1.15625 
3.82813 
-2.35938 
3.82813 
0.8125 
3.82813 
3.79688 
0.359375 
3.82813 
1.59375 
3.79688 
-2.875 
-1.125 
-1.125 
-1.875 
1.20313 
0.203125 
3.82813 
-2.26563 
3.75 
3.82813 
1.5625 
3.82813 
2.21875 
3.79688 
-2.96875 
3.79688 
-0.859375 
3.82813 
-2.40625 
-3.04688 
-1.75 
-2.98438 
3.79688 
3.82813 
-2.35938 
3.82813 
0.390625 
-0.984375 
0.265625 
2.15625 
-0.421875 
3.48438 
3.82813 
-0.703125 
-2.375 
3.82813 
3.84375 
0.078125 
3.82813 
3.82813 
3.79688 
3.79688 
2.67188 
-2.23438 
-0.15625 
-1.71875 
2.92188 
-3.04688 
3.79688 
0.46875 
3.82813 
2.23438 
3.375 
3.45313 
-1.90625 
3.79688 
-1.0625 
3.53125 
1.04688 
-3.03125 
-0.75 
3.82813 
-0.359375 
3.82813 
3.82813 
3.82813 
-0.046875 
-2.46875 
3.82813 
-2.92188 
-0.421875 
-2.92188 
3.79688 
-2.29688 
0.5625 
3.82813 
3.82813 
-0.03125 
-0.53125 
3.82813 
3.21875 
3.75 
-2.73438 
-0.265625 
-3.07813 
0.046875 
-2.1875 
3.82813 
3.82813 
3.48438 
3.75 
3.75 
-1.28125 
-1.60938 
3.82813 
-2.20313 
-1.45313 
3.82813 
-1.4375 
3.23438 
-1.9375 
3.82813 
3.79688 
3.82813 
3.82813 
-2.01563 
-1.53125 
-1.5 
3.79688 
-2.35938 
-1.04688 
-0.28125 
3.375 
3.48438 
-0.65625 
-2.78125 
-1.625 
-1.20313 
3.79688 
3.82813 
3.82813 
-3.03125 
3.82813 
3.82813 
-1.84375 
-0.265625 
-1.23438 
3.82813 
3.21875 
2.34375 
3.48438 
3.82813 
-1.9375 
3.82813 
-2.625 
3.82813 
3.82813 
3.82813 
3.82813 
-2.65625 
-3.10938 
3.875 
-0.984375 
3.82813 
3.82813 
-1.71875 
0.1875 
3.82813 
3.79688 
3.82813 
-2.25 
3.82813 
-1.90625 
-2.76563 
-1.64063 
-0.1875 
-1.45313 
3.82813 
3.875 
3.875 
-2.375 
-3 
-0.375 
3.82813 
3.82813 
0.109375 
3.82813 
1.51563 
0.203125 
3.21875 
-1.90625 
-0.65625 
3.82813 
3.82813 
-0.765625 
-1.17188 
-2.92188 
-1.73438 
3.82813 
3.85938 
3.82813 
3.0625 
3.78125 
-1.45313 
-2.57813 
3.82813 
3.82813 
1.85938 
3.82813 
-1.45313 
3.82813 
3.82813 
-0.703125 
3.01563 
3.82813 
0.1875 
1.15625 
3.82813 
-1.09375 
3.82813 
-2.98438 
-3.03125 
-0.765625 
3.82813 
3.82813 
-2.92188 
3.48438 
-1.71875 
-3.23438 
3.82813 
0.46875 
-3 
3.82813 
3.79688 
-0.28125 
-0.078125 
3.82813 
3.82813 
2.0625 
-0.09375 
3.82813 
1.20313 
1.90625 
-0.65625 
2.09375 
3.82813 
3.82813 
3.82813 
-2.65625 
3.29688 
2.92188 
3.01563 
3.79688 
3.39063 
-2 
3.82813 
3.82813 
-1.65625 
-2.40625 
3.4375 
3.82813 
3.57813 
3.82813 
-0.171875 
3.82813 
3.79688 
3.21875 
3.82813 
1.4375 
3.82813 
3.82813 
2.40625 
-0.453125 
-1.23438 
0.515625 
3.82813 
-1.48438 
3.82813 
-2.48438 
3.82813 
-2.75 
3.82813 
3.39063 
-1.125 
-2.35938 
0.546875 
0.75 
3.82813 
3.75 
2.23438 
3.82813 
-2.625 
-2.84375 
1.07813 
1.39063 
3.78125 
0.28125 
-0.59375 
-0.390625 
-1.9375 
3.39063 
-2.51563 
2.15625 
3.82813 
3.82813 
3.82813 
-2.25 
-3.03125 
3.48438 
3.75 
-0.828125 
-0.59375 
-1.03125 
-3.21875 
3.82813 
0.8125 
3.82813 
2.70313 
3.79688 
2.92188 
3.82813 
3.79688 
3.82813 
3.79688 
3.79688 
3.82813 
3.79688 
3.82813 
3.82813 
-3.23438 
-0.1875 
0.546875 
-2.29688 
3.82813 
3.82813 
3.82813 
-1.73438 
1.09375 
-2.84375 
0.421875 
3.82813 
3.79688 
2.64063 
3.79688 
-1.71875 
3.17188 
3.10938 
0.921875 
3.79688 
0.03125 
-2.70313 
0.109375 
3.75 
-0.15625 
-3.07813 
3.82813 
-2.875 
3.53125 
3.75 
0.09375 
0.859375 
0.65625 
3.82813 
3.23438 
-2.84375 
0.796875 
3.625 
-1.20313 
-2.92188 
3.48438 
3.29688 
-2.3125 
2.95313 
-1.29688 
-0.703125 
-0.796875 
-1 
-0.8125 
-2.17188 
3.375 
3.21875 
3.82813 
-1.70313 
1.65625 
3.82813 
3.82813 
0.515625 
-1.90625 
3.79688 
-0.1875 
3.53125 
3.82813 
3.82813 
-1.59375 
-0.3125 
-0.921875 
-1.75 
3.82813 
3.82813 
3.79688 
-1.45313 
3.1875 
3.82813 
-0.421875 
-3.09375 
-1.04688 
-1.76563 
-1.75 
3.82813 
-0.09375 
3.75 
2.5625 
1.10938 
0.125 
3.82813 
2.23438 
3.375 
-2.3125 
3.75 
-1.625 
3.82813 
3.82813 
2.71875 
1.9375 
3.82813 
3.39063 
3.79688 
3.82813 
3.79688 
3.82813 
3.375 
2.92188 
3.82813 
-2.625 
3.48438 
3.79688 
3.79688 
-2.39063 
-2.07813 
-2.15625 
3.82813 
-1 
-1.85938 
3.82813 
3.54688 
-3.04688 
3.17188 
-2.17188 
-0.75 
3.82813 
-1.96875 
3.39063 
3.82813 
3.82813 
-3.3125 
3.79688 
-1.54688 
3.82813 
3.53125 
3.82813 
-1.64063 
-1.89063 
3.75 
-0.671875 
-0.46875 
-2.75 
-0.46875 
3.82813 
3.82813 
3.82813 
-2.07813 
-2.92188 
-1.3125 
3.75 
3.82813 
-1.34375 
-0.09375 
1.85938 
3.82813 
3.82813 
-1.85938 
-0.765625 
0.0625 
3.82813 
-0.3125 
-0.390625 
3.82813 
0.078125 
